<?xml version="1.0" encoding="UTF-8"?>
<testsuite name="com.example.services.MathServiceTest" tests="2" skipped="0" failures="0" errors="0" timestamp="2017-04-23T01:40:06" hostname="Anups-MacBook-Pro.local" time="0.004">
  <properties/>
  <testcase name="testCalculation" classname="com.example.services.MathServiceTest" time="0.002"/>
  <testcase name="testSum" classname="com.example.services.MathServiceTest" time="0.001"/>
  <system-out><![CDATA[2017-04-22 19:40:06.306  INFO 9717 --- [    Test worker] o.s.t.c.s.DefaultTestContextBootstrapper : Neither @ContextConfiguration nor @ContextHierarchy found for test class [com.example.services.MathServiceTest], using DelegatingSmartContextLoader
2017-04-22 19:40:06.307  INFO 9717 --- [    Test worker] o.s.t.c.support.AbstractContextLoader    : Could not detect default resource locations for test class [com.example.services.MathServiceTest]: no resource found for suffixes {-context.xml}.
2017-04-22 19:40:06.308  INFO 9717 --- [    Test worker] t.c.s.AnnotationConfigContextLoaderUtils : Could not detect default configuration classes for test class [com.example.services.MathServiceTest]: MathServiceTest does not declare any static, non-private, non-final, nested classes annotated with @Configuration.
2017-04-22 19:40:06.311  INFO 9717 --- [    Test worker] o.s.t.c.s.DefaultTestContextBootstrapper : Loaded default TestExecutionListener class names from location [META-INF/spring.factories]: [org.springframework.boot.test.mock.mockito.MockitoTestExecutionListener, org.springframework.boot.test.mock.mockito.ResetMocksTestExecutionListener, org.springframework.boot.test.autoconfigure.restdocs.RestDocsTestExecutionListener, org.springframework.boot.test.autoconfigure.web.client.MockRestServiceServerResetTestExecutionListener, org.springframework.boot.test.autoconfigure.web.servlet.MockMvcPrintOnlyOnFailureTestExecutionListener, org.springframework.boot.test.autoconfigure.web.servlet.WebDriverTestExecutionListener, org.springframework.test.context.web.ServletTestExecutionListener, org.springframework.test.context.support.DirtiesContextBeforeModesTestExecutionListener, org.springframework.test.context.support.DependencyInjectionTestExecutionListener, org.springframework.test.context.support.DirtiesContextTestExecutionListener, org.springframework.test.context.transaction.TransactionalTestExecutionListener, org.springframework.test.context.jdbc.SqlScriptsTestExecutionListener]
2017-04-22 19:40:06.312  INFO 9717 --- [    Test worker] o.s.t.c.s.DefaultTestContextBootstrapper : Could not instantiate TestExecutionListener [org.springframework.test.context.jdbc.SqlScriptsTestExecutionListener]. Specify custom listener classes or make the default listener classes (and their required dependencies) available. Offending class: [org/springframework/transaction/interceptor/TransactionAttribute]
2017-04-22 19:40:06.313  INFO 9717 --- [    Test worker] o.s.t.c.s.DefaultTestContextBootstrapper : Could not instantiate TestExecutionListener [org.springframework.test.context.transaction.TransactionalTestExecutionListener]. Specify custom listener classes or make the default listener classes (and their required dependencies) available. Offending class: [org/springframework/transaction/interceptor/TransactionAttributeSource]
2017-04-22 19:40:06.314  INFO 9717 --- [    Test worker] o.s.t.c.s.DefaultTestContextBootstrapper : Using TestExecutionListeners: [org.springframework.test.context.web.ServletTestExecutionListener@603c826, org.springframework.test.context.support.DirtiesContextBeforeModesTestExecutionListener@2779bdde, org.springframework.test.context.support.DependencyInjectionTestExecutionListener@435bdf40, org.springframework.test.context.support.DirtiesContextTestExecutionListener@2debeece, org.springframework.boot.test.autoconfigure.web.servlet.WebDriverTestExecutionListener@353151ad, org.springframework.boot.test.mock.mockito.MockitoTestExecutionListener@5f4c9d98, org.springframework.boot.test.mock.mockito.ResetMocksTestExecutionListener@42f0e8ee, org.springframework.boot.test.autoconfigure.web.servlet.MockMvcPrintOnlyOnFailureTestExecutionListener@301fe3e0, org.springframework.boot.test.autoconfigure.web.client.MockRestServiceServerResetTestExecutionListener@f9c6077, org.springframework.boot.test.autoconfigure.restdocs.RestDocsTestExecutionListener@34079c41]
2017-04-22 19:40:06.316  INFO 9717 --- [    Test worker] o.s.c.support.GenericApplicationContext  : Refreshing org.springframework.context.support.GenericApplicationContext@7175b5b7: startup date [Sat Apr 22 19:40:06 MDT 2017]; root of context hierarchy
]]></system-out>
  <system-err><![CDATA[]]></system-err>
</testsuite>
