<?xml version="1.0" encoding="UTF-8"?>
<testsuite name="com.example.piCintrollerTest" tests="1" skipped="0" failures="0" errors="0" timestamp="2017-04-22T22:47:15" hostname="Anups-MacBook-Pro.local" time="0.078">
  <properties/>
  <testcase name="TestPiEndpoint" classname="com.example.piCintrollerTest" time="0.078"/>
  <system-out><![CDATA[2017-04-22 16:47:04.330  INFO 4432 --- [    Test worker] .b.t.a.w.s.WebMvcTestContextBootstrapper : Neither @ContextConfiguration nor @ContextHierarchy found for test class [com.example.piCintrollerTest], using SpringBootContextLoader
2017-04-22 16:47:04.331  INFO 4432 --- [    Test worker] o.s.t.c.support.AbstractContextLoader    : Could not detect default resource locations for test class [com.example.piCintrollerTest]: no resource found for suffixes {-context.xml, Context.groovy}.
2017-04-22 16:47:04.332  INFO 4432 --- [    Test worker] t.c.s.AnnotationConfigContextLoaderUtils : Could not detect default configuration classes for test class [com.example.piCintrollerTest]: piCintrollerTest does not declare any static, non-private, non-final, nested classes annotated with @Configuration.
2017-04-22 16:47:04.370  INFO 4432 --- [    Test worker] .b.t.c.SpringBootTestContextBootstrapper : Found @SpringBootConfiguration com.example.DemoApplication for test class com.example.piCintrollerTest
2017-04-22 16:47:04.374  INFO 4432 --- [    Test worker] .b.t.a.w.s.WebMvcTestContextBootstrapper : Loaded default TestExecutionListener class names from location [META-INF/spring.factories]: [org.springframework.boot.test.mock.mockito.MockitoTestExecutionListener, org.springframework.boot.test.mock.mockito.ResetMocksTestExecutionListener, org.springframework.boot.test.autoconfigure.restdocs.RestDocsTestExecutionListener, org.springframework.boot.test.autoconfigure.web.client.MockRestServiceServerResetTestExecutionListener, org.springframework.boot.test.autoconfigure.web.servlet.MockMvcPrintOnlyOnFailureTestExecutionListener, org.springframework.boot.test.autoconfigure.web.servlet.WebDriverTestExecutionListener, org.springframework.test.context.web.ServletTestExecutionListener, org.springframework.test.context.support.DirtiesContextBeforeModesTestExecutionListener, org.springframework.test.context.support.DependencyInjectionTestExecutionListener, org.springframework.test.context.support.DirtiesContextTestExecutionListener, org.springframework.test.context.transaction.TransactionalTestExecutionListener, org.springframework.test.context.jdbc.SqlScriptsTestExecutionListener]
2017-04-22 16:47:04.378  INFO 4432 --- [    Test worker] .b.t.a.w.s.WebMvcTestContextBootstrapper : Could not instantiate TestExecutionListener [org.springframework.test.context.jdbc.SqlScriptsTestExecutionListener]. Specify custom listener classes or make the default listener classes (and their required dependencies) available. Offending class: [org/springframework/transaction/interceptor/TransactionAttribute]
2017-04-22 16:47:04.379  INFO 4432 --- [    Test worker] .b.t.a.w.s.WebMvcTestContextBootstrapper : Could not instantiate TestExecutionListener [org.springframework.test.context.transaction.TransactionalTestExecutionListener]. Specify custom listener classes or make the default listener classes (and their required dependencies) available. Offending class: [org/springframework/transaction/interceptor/TransactionAttributeSource]
2017-04-22 16:47:04.379  INFO 4432 --- [    Test worker] .b.t.a.w.s.WebMvcTestContextBootstrapper : Using TestExecutionListeners: [org.springframework.test.context.web.ServletTestExecutionListener@a197d34, org.springframework.test.context.support.DirtiesContextBeforeModesTestExecutionListener@3b8fe30a, org.springframework.boot.test.autoconfigure.SpringBootDependencyInjectionTestExecutionListener@4013c0fa, org.springframework.test.context.support.DirtiesContextTestExecutionListener@3c1ce805, org.springframework.boot.test.autoconfigure.web.servlet.MockMvcPrintOnlyOnFailureTestExecutionListener@7d2dc26f, org.springframework.boot.test.autoconfigure.web.client.MockRestServiceServerResetTestExecutionListener@39fef973, org.springframework.boot.test.mock.mockito.ResetMocksTestExecutionListener@67b4eaa6, org.springframework.boot.test.autoconfigure.restdocs.RestDocsTestExecutionListener@3c336a95, org.springframework.boot.test.autoconfigure.web.servlet.WebDriverTestExecutionListener@2f9ee9c6, org.springframework.boot.test.mock.mockito.MockitoTestExecutionListener@61e5a827]

  .   ____          _            __ _ _
 /\\ / ___'_ __ _ _(_)_ __  __ _ \ \ \ \
( ( )\___ | '_ | '_| | '_ \/ _` | \ \ \ \
 \\/  ___)| |_)| | | | | || (_| |  ) ) ) )
  '  |____| .__|_| |_|_| |_\__, | / / / /
 =========|_|==============|___/=/_/_/_/
 :: Spring Boot ::        (v1.5.2.RELEASE)

2017-04-22 16:47:14.449  INFO 4432 --- [    Test worker] com.example.piCintrollerTest             : Starting piCintrollerTest on Anups-MacBook-Pro.local with PID 4432 (started by anup in /Users/anup/WORKSPACE/DISH/Galvanize/spring-playground)
2017-04-22 16:47:14.449  INFO 4432 --- [    Test worker] com.example.piCintrollerTest             : No active profile set, falling back to default profiles: default
2017-04-22 16:47:14.453  INFO 4432 --- [    Test worker] o.s.w.c.s.GenericWebApplicationContext   : Refreshing org.springframework.web.context.support.GenericWebApplicationContext@65e55d04: startup date [Sat Apr 22 16:47:14 MDT 2017]; root of context hierarchy
2017-04-22 16:47:15.041  INFO 4432 --- [    Test worker] s.w.s.m.m.a.RequestMappingHandlerAdapter : Looking for @ControllerAdvice: org.springframework.web.context.support.GenericWebApplicationContext@65e55d04: startup date [Sat Apr 22 16:47:14 MDT 2017]; root of context hierarchy
2017-04-22 16:47:15.059  INFO 4432 --- [    Test worker] s.w.s.m.m.a.RequestMappingHandlerMapping : Mapped "{[/math/pi],methods=[GET]}" onto public java.lang.String com.example.PIController.return_pi()
2017-04-22 16:47:15.061  INFO 4432 --- [    Test worker] s.w.s.m.m.a.RequestMappingHandlerMapping : Mapped "{[/error]}" onto public org.springframework.http.ResponseEntity<java.util.Map<java.lang.String, java.lang.Object>> org.springframework.boot.autoconfigure.web.BasicErrorController.error(javax.servlet.http.HttpServletRequest)
2017-04-22 16:47:15.062  INFO 4432 --- [    Test worker] s.w.s.m.m.a.RequestMappingHandlerMapping : Mapped "{[/error],produces=[text/html]}" onto public org.springframework.web.servlet.ModelAndView org.springframework.boot.autoconfigure.web.BasicErrorController.errorHtml(javax.servlet.http.HttpServletRequest,javax.servlet.http.HttpServletResponse)
2017-04-22 16:47:15.091  INFO 4432 --- [    Test worker] o.s.w.s.handler.SimpleUrlHandlerMapping  : Mapped URL path [/webjars/**] onto handler of type [class org.springframework.web.servlet.resource.ResourceHttpRequestHandler]
2017-04-22 16:47:15.091  INFO 4432 --- [    Test worker] o.s.w.s.handler.SimpleUrlHandlerMapping  : Mapped URL path [/**] onto handler of type [class org.springframework.web.servlet.resource.ResourceHttpRequestHandler]
2017-04-22 16:47:15.125  INFO 4432 --- [    Test worker] o.s.w.s.handler.SimpleUrlHandlerMapping  : Mapped URL path [/**/favicon.ico] onto handler of type [class org.springframework.web.servlet.resource.ResourceHttpRequestHandler]
2017-04-22 16:47:15.224  INFO 4432 --- [    Test worker] o.s.b.t.m.w.SpringBootMockServletContext : Initializing Spring FrameworkServlet ''
2017-04-22 16:47:15.224  INFO 4432 --- [    Test worker] o.s.t.web.servlet.TestDispatcherServlet  : FrameworkServlet '': initialization started
2017-04-22 16:47:15.238  INFO 4432 --- [    Test worker] o.s.t.web.servlet.TestDispatcherServlet  : FrameworkServlet '': initialization completed in 13 ms
2017-04-22 16:47:15.303  INFO 4432 --- [    Test worker] com.example.piCintrollerTest             : Started piCintrollerTest in 10.914 seconds (JVM running for 24.948)
]]></system-out>
  <system-err><![CDATA[]]></system-err>
</testsuite>
