<?xml version="1.0" encoding="UTF-8"?>
<testsuite name="com.example.TestPIController" tests="1" skipped="0" failures="0" errors="0" timestamp="2017-04-22T23:08:29" hostname="Anups-MacBook-Pro.local" time="0.007">
  <properties/>
  <testcase name="testPiController" classname="com.example.TestPIController" time="0.007"/>
  <system-out><![CDATA[2017-04-22 17:08:29.736  INFO 4898 --- [    Test worker] .b.t.a.w.s.WebMvcTestContextBootstrapper : Neither @ContextConfiguration nor @ContextHierarchy found for test class [com.example.TestPIController], using SpringBootContextLoader
2017-04-22 17:08:29.737  INFO 4898 --- [    Test worker] o.s.t.c.support.AbstractContextLoader    : Could not detect default resource locations for test class [com.example.TestPIController]: no resource found for suffixes {-context.xml, Context.groovy}.
2017-04-22 17:08:29.738  INFO 4898 --- [    Test worker] t.c.s.AnnotationConfigContextLoaderUtils : Could not detect default configuration classes for test class [com.example.TestPIController]: TestPIController does not declare any static, non-private, non-final, nested classes annotated with @Configuration.
2017-04-22 17:08:29.757  INFO 4898 --- [    Test worker] .b.t.c.SpringBootTestContextBootstrapper : Found @SpringBootConfiguration com.example.DemoApplication for test class com.example.TestPIController
2017-04-22 17:08:29.763  INFO 4898 --- [    Test worker] .b.t.a.w.s.WebMvcTestContextBootstrapper : Loaded default TestExecutionListener class names from location [META-INF/spring.factories]: [org.springframework.boot.test.mock.mockito.MockitoTestExecutionListener, org.springframework.boot.test.mock.mockito.ResetMocksTestExecutionListener, org.springframework.boot.test.autoconfigure.restdocs.RestDocsTestExecutionListener, org.springframework.boot.test.autoconfigure.web.client.MockRestServiceServerResetTestExecutionListener, org.springframework.boot.test.autoconfigure.web.servlet.MockMvcPrintOnlyOnFailureTestExecutionListener, org.springframework.boot.test.autoconfigure.web.servlet.WebDriverTestExecutionListener, org.springframework.test.context.web.ServletTestExecutionListener, org.springframework.test.context.support.DirtiesContextBeforeModesTestExecutionListener, org.springframework.test.context.support.DependencyInjectionTestExecutionListener, org.springframework.test.context.support.DirtiesContextTestExecutionListener, org.springframework.test.context.transaction.TransactionalTestExecutionListener, org.springframework.test.context.jdbc.SqlScriptsTestExecutionListener]
2017-04-22 17:08:29.765  INFO 4898 --- [    Test worker] .b.t.a.w.s.WebMvcTestContextBootstrapper : Could not instantiate TestExecutionListener [org.springframework.test.context.jdbc.SqlScriptsTestExecutionListener]. Specify custom listener classes or make the default listener classes (and their required dependencies) available. Offending class: [org/springframework/transaction/interceptor/TransactionAttribute]
2017-04-22 17:08:29.766  INFO 4898 --- [    Test worker] .b.t.a.w.s.WebMvcTestContextBootstrapper : Could not instantiate TestExecutionListener [org.springframework.test.context.transaction.TransactionalTestExecutionListener]. Specify custom listener classes or make the default listener classes (and their required dependencies) available. Offending class: [org/springframework/transaction/interceptor/TransactionAttributeSource]
2017-04-22 17:08:29.767  INFO 4898 --- [    Test worker] .b.t.a.w.s.WebMvcTestContextBootstrapper : Using TestExecutionListeners: [org.springframework.test.context.web.ServletTestExecutionListener@297e99b6, org.springframework.test.context.support.DirtiesContextBeforeModesTestExecutionListener@4da83fe4, org.springframework.boot.test.autoconfigure.SpringBootDependencyInjectionTestExecutionListener@2e9e6007, org.springframework.test.context.support.DirtiesContextTestExecutionListener@37425695, org.springframework.boot.test.mock.mockito.ResetMocksTestExecutionListener@6aacdae2, org.springframework.boot.test.mock.mockito.MockitoTestExecutionListener@66778f4c, org.springframework.boot.test.autoconfigure.restdocs.RestDocsTestExecutionListener@3bb445dd, org.springframework.boot.test.autoconfigure.web.servlet.WebDriverTestExecutionListener@1ee74ac0, org.springframework.boot.test.autoconfigure.web.client.MockRestServiceServerResetTestExecutionListener@1210e834, org.springframework.boot.test.autoconfigure.web.servlet.MockMvcPrintOnlyOnFailureTestExecutionListener@48c708d5]
]]></system-out>
  <system-err><![CDATA[]]></system-err>
</testsuite>
