<?xml version="1.0" encoding="UTF-8"?>
<testsuite name="com.example.services.MathServiceTest" tests="5" skipped="0" failures="0" errors="0" timestamp="2017-04-23T02:25:26" hostname="Anups-MacBook-Pro.local" time="0.012">
  <properties/>
  <testcase name="testCalculation" classname="com.example.services.MathServiceTest" time="0.001"/>
  <testcase name="testSum" classname="com.example.services.MathServiceTest" time="0.002"/>
  <testcase name="testRectangleInfo" classname="com.example.services.MathServiceTest" time="0.002"/>
  <testcase name="testAreawithInvalidCirlce" classname="com.example.services.MathServiceTest" time="0.002"/>
  <testcase name="testAreawithInvalidRectangle" classname="com.example.services.MathServiceTest" time="0.002"/>
  <system-out><![CDATA[2017-04-22 20:25:26.298  INFO 11459 --- [    Test worker] o.s.t.c.s.DefaultTestContextBootstrapper : Neither @ContextConfiguration nor @ContextHierarchy found for test class [com.example.services.MathServiceTest], using DelegatingSmartContextLoader
2017-04-22 20:25:26.298  INFO 11459 --- [    Test worker] o.s.t.c.support.AbstractContextLoader    : Could not detect default resource locations for test class [com.example.services.MathServiceTest]: no resource found for suffixes {-context.xml}.
2017-04-22 20:25:26.299  INFO 11459 --- [    Test worker] t.c.s.AnnotationConfigContextLoaderUtils : Could not detect default configuration classes for test class [com.example.services.MathServiceTest]: MathServiceTest does not declare any static, non-private, non-final, nested classes annotated with @Configuration.
2017-04-22 20:25:26.302  INFO 11459 --- [    Test worker] o.s.t.c.s.DefaultTestContextBootstrapper : Loaded default TestExecutionListener class names from location [META-INF/spring.factories]: [org.springframework.boot.test.mock.mockito.MockitoTestExecutionListener, org.springframework.boot.test.mock.mockito.ResetMocksTestExecutionListener, org.springframework.boot.test.autoconfigure.restdocs.RestDocsTestExecutionListener, org.springframework.boot.test.autoconfigure.web.client.MockRestServiceServerResetTestExecutionListener, org.springframework.boot.test.autoconfigure.web.servlet.MockMvcPrintOnlyOnFailureTestExecutionListener, org.springframework.boot.test.autoconfigure.web.servlet.WebDriverTestExecutionListener, org.springframework.test.context.web.ServletTestExecutionListener, org.springframework.test.context.support.DirtiesContextBeforeModesTestExecutionListener, org.springframework.test.context.support.DependencyInjectionTestExecutionListener, org.springframework.test.context.support.DirtiesContextTestExecutionListener, org.springframework.test.context.transaction.TransactionalTestExecutionListener, org.springframework.test.context.jdbc.SqlScriptsTestExecutionListener]
2017-04-22 20:25:26.303  INFO 11459 --- [    Test worker] o.s.t.c.s.DefaultTestContextBootstrapper : Could not instantiate TestExecutionListener [org.springframework.test.context.jdbc.SqlScriptsTestExecutionListener]. Specify custom listener classes or make the default listener classes (and their required dependencies) available. Offending class: [org/springframework/transaction/interceptor/TransactionAttribute]
2017-04-22 20:25:26.304  INFO 11459 --- [    Test worker] o.s.t.c.s.DefaultTestContextBootstrapper : Could not instantiate TestExecutionListener [org.springframework.test.context.transaction.TransactionalTestExecutionListener]. Specify custom listener classes or make the default listener classes (and their required dependencies) available. Offending class: [org/springframework/transaction/interceptor/TransactionAttributeSource]
2017-04-22 20:25:26.304  INFO 11459 --- [    Test worker] o.s.t.c.s.DefaultTestContextBootstrapper : Using TestExecutionListeners: [org.springframework.test.context.web.ServletTestExecutionListener@7cd58183, org.springframework.test.context.support.DirtiesContextBeforeModesTestExecutionListener@27274f22, org.springframework.test.context.support.DependencyInjectionTestExecutionListener@23162da0, org.springframework.test.context.support.DirtiesContextTestExecutionListener@dbad12, org.springframework.boot.test.autoconfigure.restdocs.RestDocsTestExecutionListener@5052fd13, org.springframework.boot.test.autoconfigure.web.servlet.MockMvcPrintOnlyOnFailureTestExecutionListener@4d11e664, org.springframework.boot.test.mock.mockito.MockitoTestExecutionListener@5f78a94b, org.springframework.boot.test.autoconfigure.web.servlet.WebDriverTestExecutionListener@2963c8b, org.springframework.boot.test.mock.mockito.ResetMocksTestExecutionListener@456bf3af, org.springframework.boot.test.autoconfigure.web.client.MockRestServiceServerResetTestExecutionListener@70b0fa0]
2017-04-22 20:25:26.306  INFO 11459 --- [    Test worker] o.s.c.support.GenericApplicationContext  : Refreshing org.springframework.context.support.GenericApplicationContext@1d23dcfb: startup date [Sat Apr 22 20:25:26 MDT 2017]; root of context hierarchy
]]></system-out>
  <system-err><![CDATA[]]></system-err>
</testsuite>
