<?xml version="1.0" encoding="UTF-8"?>
<testsuite name="com.example.DemoApplicationTests" tests="1" skipped="0" failures="0" errors="0" timestamp="2017-04-23T01:38:00" hostname="Anups-MacBook-Pro.local" time="0.029">
  <properties/>
  <testcase name="contextLoads" classname="com.example.DemoApplicationTests" time="0.029"/>
  <system-out><![CDATA[19:37:47.481 [Test worker] DEBUG org.springframework.test.context.junit4.SpringJUnit4ClassRunner - SpringJUnit4ClassRunner constructor called with [class com.example.DemoApplicationTests]
19:37:47.486 [Test worker] DEBUG org.springframework.test.context.BootstrapUtils - Instantiating CacheAwareContextLoaderDelegate from class [org.springframework.test.context.cache.DefaultCacheAwareContextLoaderDelegate]
19:37:47.494 [Test worker] DEBUG org.springframework.test.context.BootstrapUtils - Instantiating BootstrapContext using constructor [public org.springframework.test.context.support.DefaultBootstrapContext(java.lang.Class,org.springframework.test.context.CacheAwareContextLoaderDelegate)]
19:37:47.513 [Test worker] DEBUG org.springframework.test.context.BootstrapUtils - Instantiating TestContextBootstrapper for test class [com.example.DemoApplicationTests] from class [org.springframework.boot.test.context.SpringBootTestContextBootstrapper]
19:37:47.530 [Test worker] INFO org.springframework.boot.test.context.SpringBootTestContextBootstrapper - Neither @ContextConfiguration nor @ContextHierarchy found for test class [com.example.DemoApplicationTests], using SpringBootContextLoader
19:37:47.536 [Test worker] DEBUG org.springframework.test.context.support.AbstractContextLoader - Did not detect default resource location for test class [com.example.DemoApplicationTests]: class path resource [com/example/DemoApplicationTests-context.xml] does not exist
19:37:47.537 [Test worker] DEBUG org.springframework.test.context.support.AbstractContextLoader - Did not detect default resource location for test class [com.example.DemoApplicationTests]: class path resource [com/example/DemoApplicationTestsContext.groovy] does not exist
19:37:47.537 [Test worker] INFO org.springframework.test.context.support.AbstractContextLoader - Could not detect default resource locations for test class [com.example.DemoApplicationTests]: no resource found for suffixes {-context.xml, Context.groovy}.
19:37:47.539 [Test worker] INFO org.springframework.test.context.support.AnnotationConfigContextLoaderUtils - Could not detect default configuration classes for test class [com.example.DemoApplicationTests]: DemoApplicationTests does not declare any static, non-private, non-final, nested classes annotated with @Configuration.
19:37:47.594 [Test worker] DEBUG org.springframework.test.context.support.ActiveProfilesUtils - Could not find an 'annotation declaring class' for annotation type [org.springframework.test.context.ActiveProfiles] and class [com.example.DemoApplicationTests]
19:37:47.616 [Test worker] DEBUG org.springframework.core.env.StandardEnvironment - Adding [systemProperties] PropertySource with lowest search precedence
19:37:47.617 [Test worker] DEBUG org.springframework.core.env.StandardEnvironment - Adding [systemEnvironment] PropertySource with lowest search precedence
19:37:47.617 [Test worker] DEBUG org.springframework.core.env.StandardEnvironment - Initialized StandardEnvironment with PropertySources [systemProperties,systemEnvironment]
19:37:47.629 [Test worker] DEBUG org.springframework.core.io.support.PathMatchingResourcePatternResolver - Resolved classpath location [com/example/] to resources [URL [file:/Users/anup/WORKSPACE/DISH/Galvanize/spring-playground/build/classes/test/com/example/], URL [file:/Users/anup/WORKSPACE/DISH/Galvanize/spring-playground/build/classes/main/com/example/]]
19:37:47.630 [Test worker] DEBUG org.springframework.core.io.support.PathMatchingResourcePatternResolver - Looking for matching resources in directory tree [/Users/anup/WORKSPACE/DISH/Galvanize/spring-playground/build/classes/test/com/example]
19:37:47.630 [Test worker] DEBUG org.springframework.core.io.support.PathMatchingResourcePatternResolver - Searching directory [/Users/anup/WORKSPACE/DISH/Galvanize/spring-playground/build/classes/test/com/example] for files matching pattern [/Users/anup/WORKSPACE/DISH/Galvanize/spring-playground/build/classes/test/com/example/*.class]
19:37:47.636 [Test worker] DEBUG org.springframework.core.io.support.PathMatchingResourcePatternResolver - Looking for matching resources in directory tree [/Users/anup/WORKSPACE/DISH/Galvanize/spring-playground/build/classes/main/com/example]
19:37:47.637 [Test worker] DEBUG org.springframework.core.io.support.PathMatchingResourcePatternResolver - Searching directory [/Users/anup/WORKSPACE/DISH/Galvanize/spring-playground/build/classes/main/com/example] for files matching pattern [/Users/anup/WORKSPACE/DISH/Galvanize/spring-playground/build/classes/main/com/example/*.class]
19:37:47.638 [Test worker] DEBUG org.springframework.core.io.support.PathMatchingResourcePatternResolver - Resolved location pattern [classpath*:com/example/*.class] to resources [file [/Users/anup/WORKSPACE/DISH/Galvanize/spring-playground/build/classes/test/com/example/DemoApplicationTests.class], file [/Users/anup/WORKSPACE/DISH/Galvanize/spring-playground/build/classes/test/com/example/MathControllerTests.class], file [/Users/anup/WORKSPACE/DISH/Galvanize/spring-playground/build/classes/test/com/example/TestPIController.class], file [/Users/anup/WORKSPACE/DISH/Galvanize/spring-playground/build/classes/main/com/example/DemoApplication.class], file [/Users/anup/WORKSPACE/DISH/Galvanize/spring-playground/build/classes/main/com/example/HelloController.class], file [/Users/anup/WORKSPACE/DISH/Galvanize/spring-playground/build/classes/main/com/example/MathController.class], file [/Users/anup/WORKSPACE/DISH/Galvanize/spring-playground/build/classes/main/com/example/PIController.class]]
19:37:47.726 [Test worker] DEBUG org.springframework.context.annotation.ClassPathScanningCandidateComponentProvider - Identified candidate component class: file [/Users/anup/WORKSPACE/DISH/Galvanize/spring-playground/build/classes/main/com/example/DemoApplication.class]
19:37:47.741 [Test worker] INFO org.springframework.boot.test.context.SpringBootTestContextBootstrapper - Found @SpringBootConfiguration com.example.DemoApplication for test class com.example.DemoApplicationTests
19:37:47.745 [Test worker] DEBUG org.springframework.boot.test.context.SpringBootTestContextBootstrapper - @TestExecutionListeners is not present for class [com.example.DemoApplicationTests]: using defaults.
19:37:47.749 [Test worker] INFO org.springframework.boot.test.context.SpringBootTestContextBootstrapper - Loaded default TestExecutionListener class names from location [META-INF/spring.factories]: [org.springframework.boot.test.mock.mockito.MockitoTestExecutionListener, org.springframework.boot.test.mock.mockito.ResetMocksTestExecutionListener, org.springframework.boot.test.autoconfigure.restdocs.RestDocsTestExecutionListener, org.springframework.boot.test.autoconfigure.web.client.MockRestServiceServerResetTestExecutionListener, org.springframework.boot.test.autoconfigure.web.servlet.MockMvcPrintOnlyOnFailureTestExecutionListener, org.springframework.boot.test.autoconfigure.web.servlet.WebDriverTestExecutionListener, org.springframework.test.context.web.ServletTestExecutionListener, org.springframework.test.context.support.DirtiesContextBeforeModesTestExecutionListener, org.springframework.test.context.support.DependencyInjectionTestExecutionListener, org.springframework.test.context.support.DirtiesContextTestExecutionListener, org.springframework.test.context.transaction.TransactionalTestExecutionListener, org.springframework.test.context.jdbc.SqlScriptsTestExecutionListener]
19:37:47.762 [Test worker] INFO org.springframework.boot.test.context.SpringBootTestContextBootstrapper - Could not instantiate TestExecutionListener [org.springframework.test.context.jdbc.SqlScriptsTestExecutionListener]. Specify custom listener classes or make the default listener classes (and their required dependencies) available. Offending class: [org/springframework/transaction/interceptor/TransactionAttribute]
19:37:47.763 [Test worker] INFO org.springframework.boot.test.context.SpringBootTestContextBootstrapper - Could not instantiate TestExecutionListener [org.springframework.test.context.transaction.TransactionalTestExecutionListener]. Specify custom listener classes or make the default listener classes (and their required dependencies) available. Offending class: [org/springframework/transaction/interceptor/TransactionAttributeSource]
19:37:47.767 [Test worker] INFO org.springframework.boot.test.context.SpringBootTestContextBootstrapper - Using TestExecutionListeners: [org.springframework.test.context.web.ServletTestExecutionListener@26833c25, org.springframework.test.context.support.DirtiesContextBeforeModesTestExecutionListener@5e72fe47, org.springframework.boot.test.autoconfigure.SpringBootDependencyInjectionTestExecutionListener@14d4af2b, org.springframework.test.context.support.DirtiesContextTestExecutionListener@33fc30be, org.springframework.boot.test.autoconfigure.web.servlet.WebDriverTestExecutionListener@c2150f0, org.springframework.boot.test.mock.mockito.MockitoTestExecutionListener@45e817f5, org.springframework.boot.test.mock.mockito.ResetMocksTestExecutionListener@74744594, org.springframework.boot.test.autoconfigure.web.servlet.MockMvcPrintOnlyOnFailureTestExecutionListener@265ff264, org.springframework.boot.test.autoconfigure.web.client.MockRestServiceServerResetTestExecutionListener@20ff808f, org.springframework.boot.test.autoconfigure.restdocs.RestDocsTestExecutionListener@25ad6cda]
19:37:47.771 [Test worker] DEBUG org.springframework.test.annotation.ProfileValueUtils - Retrieved @ProfileValueSourceConfiguration [null] for test class [com.example.DemoApplicationTests]
19:37:47.772 [Test worker] DEBUG org.springframework.test.annotation.ProfileValueUtils - Retrieved ProfileValueSource type [class org.springframework.test.annotation.SystemProfileValueSource] for class [com.example.DemoApplicationTests]
19:37:47.773 [Test worker] DEBUG org.springframework.test.annotation.ProfileValueUtils - Retrieved @ProfileValueSourceConfiguration [null] for test class [com.example.DemoApplicationTests]
19:37:47.774 [Test worker] DEBUG org.springframework.test.annotation.ProfileValueUtils - Retrieved ProfileValueSource type [class org.springframework.test.annotation.SystemProfileValueSource] for class [com.example.DemoApplicationTests]
19:37:47.779 [Test worker] DEBUG org.springframework.test.context.support.AbstractDirtiesContextTestExecutionListener - Before test class: context [DefaultTestContext@139f4f2a testClass = DemoApplicationTests, testInstance = [null], testMethod = [null], testException = [null], mergedContextConfiguration = [WebMergedContextConfiguration@3a31c0d9 testClass = DemoApplicationTests, locations = '{}', classes = '{class com.example.DemoApplication}', contextInitializerClasses = '[]', activeProfiles = '{}', propertySourceLocations = '{}', propertySourceProperties = '{org.springframework.boot.test.context.SpringBootTestContextBootstrapper=true}', contextCustomizers = set[org.springframework.boot.test.context.SpringBootTestContextCustomizer@499f4b27, org.springframework.boot.test.context.filter.ExcludeFilterContextCustomizer@1008da9c, org.springframework.boot.test.mock.mockito.MockitoContextCustomizer@0, org.springframework.boot.test.autoconfigure.properties.PropertyMappingContextCustomizer@0, org.springframework.boot.test.autoconfigure.web.servlet.WebDriverContextCustomizerFactory$Customizer@45d1ef13], resourceBasePath = 'src/main/webapp', contextLoader = 'org.springframework.boot.test.context.SpringBootContextLoader', parent = [null]]], class annotated with @DirtiesContext [false] with mode [null].
19:37:47.780 [Test worker] DEBUG org.springframework.test.annotation.ProfileValueUtils - Retrieved @ProfileValueSourceConfiguration [null] for test class [com.example.DemoApplicationTests]
19:37:47.780 [Test worker] DEBUG org.springframework.test.annotation.ProfileValueUtils - Retrieved ProfileValueSource type [class org.springframework.test.annotation.SystemProfileValueSource] for class [com.example.DemoApplicationTests]
19:37:47.844 [Test worker] DEBUG org.springframework.core.env.StandardEnvironment - Adding [systemProperties] PropertySource with lowest search precedence
19:37:47.845 [Test worker] DEBUG org.springframework.core.env.StandardEnvironment - Adding [systemEnvironment] PropertySource with lowest search precedence
19:37:47.845 [Test worker] DEBUG org.springframework.core.env.StandardEnvironment - Initialized StandardEnvironment with PropertySources [systemProperties,systemEnvironment]
19:37:47.847 [Test worker] DEBUG org.springframework.core.env.MutablePropertySources - Adding [inline] PropertySource with highest search precedence
19:37:47.853 [Test worker] DEBUG org.springframework.test.context.support.TestPropertySourceUtils - Adding inlined properties to environment: {spring.jmx.enabled=false, org.springframework.boot.test.context.SpringBootTestContextBootstrapper=true, server.port=-1}
19:37:47.854 [Test worker] DEBUG org.springframework.core.env.StandardEnvironment - Adding [Inlined Test Properties] PropertySource with highest search precedence

  .   ____          _            __ _ _
 /\\ / ___'_ __ _ _(_)_ __  __ _ \ \ \ \
( ( )\___ | '_ | '_| | '_ \/ _` | \ \ \ \
 \\/  ___)| |_)| | | | | || (_| |  ) ) ) )
  '  |____| .__|_| |_|_| |_\__, | / / / /
 =========|_|==============|___/=/_/_/_/
 :: Spring Boot ::        (v1.5.2.RELEASE)

2017-04-22 19:37:58.300  INFO 9717 --- [    Test worker] com.example.DemoApplicationTests         : Starting DemoApplicationTests on Anups-MacBook-Pro.local with PID 9717 (started by anup in /Users/anup/WORKSPACE/DISH/Galvanize/spring-playground)
2017-04-22 19:37:58.301  INFO 9717 --- [    Test worker] com.example.DemoApplicationTests         : No active profile set, falling back to default profiles: default
2017-04-22 19:37:58.336  INFO 9717 --- [    Test worker] o.s.w.c.s.GenericWebApplicationContext   : Refreshing org.springframework.web.context.support.GenericWebApplicationContext@32618c83: startup date [Sat Apr 22 19:37:58 MDT 2017]; root of context hierarchy
2017-04-22 19:38:00.155  INFO 9717 --- [    Test worker] s.w.s.m.m.a.RequestMappingHandlerAdapter : Looking for @ControllerAdvice: org.springframework.web.context.support.GenericWebApplicationContext@32618c83: startup date [Sat Apr 22 19:37:58 MDT 2017]; root of context hierarchy
2017-04-22 19:38:00.259  INFO 9717 --- [    Test worker] s.w.s.m.m.a.RequestMappingHandlerMapping : Mapped "{[/],methods=[GET]}" onto public java.lang.String com.example.HelloController.helloWorld()
2017-04-22 19:38:00.265  INFO 9717 --- [    Test worker] s.w.s.m.m.a.RequestMappingHandlerMapping : Mapped "{[/math/calculate],methods=[GET]}" onto public java.lang.String com.example.MathController.getCalculationParams(java.lang.String,java.lang.String,java.lang.String)
2017-04-22 19:38:00.265  INFO 9717 --- [    Test worker] s.w.s.m.m.a.RequestMappingHandlerMapping : Mapped "{[/math/sum],methods=[POST]}" onto public java.lang.String com.example.MathController.getSumParams(org.springframework.util.MultiValueMap<java.lang.String, java.lang.String>)
2017-04-22 19:38:00.267  INFO 9717 --- [    Test worker] s.w.s.m.m.a.RequestMappingHandlerMapping : Mapped "{[/math/pi],methods=[GET]}" onto public java.lang.String com.example.PIController.return_pi()
2017-04-22 19:38:00.270  INFO 9717 --- [    Test worker] s.w.s.m.m.a.RequestMappingHandlerMapping : Mapped "{[/error]}" onto public org.springframework.http.ResponseEntity<java.util.Map<java.lang.String, java.lang.Object>> org.springframework.boot.autoconfigure.web.BasicErrorController.error(javax.servlet.http.HttpServletRequest)
2017-04-22 19:38:00.271  INFO 9717 --- [    Test worker] s.w.s.m.m.a.RequestMappingHandlerMapping : Mapped "{[/error],produces=[text/html]}" onto public org.springframework.web.servlet.ModelAndView org.springframework.boot.autoconfigure.web.BasicErrorController.errorHtml(javax.servlet.http.HttpServletRequest,javax.servlet.http.HttpServletResponse)
2017-04-22 19:38:00.318  INFO 9717 --- [    Test worker] o.s.w.s.handler.SimpleUrlHandlerMapping  : Mapped URL path [/webjars/**] onto handler of type [class org.springframework.web.servlet.resource.ResourceHttpRequestHandler]
2017-04-22 19:38:00.318  INFO 9717 --- [    Test worker] o.s.w.s.handler.SimpleUrlHandlerMapping  : Mapped URL path [/**] onto handler of type [class org.springframework.web.servlet.resource.ResourceHttpRequestHandler]
2017-04-22 19:38:00.375  INFO 9717 --- [    Test worker] o.s.w.s.handler.SimpleUrlHandlerMapping  : Mapped URL path [/**/favicon.ico] onto handler of type [class org.springframework.web.servlet.resource.ResourceHttpRequestHandler]
2017-04-22 19:38:00.613  INFO 9717 --- [    Test worker] com.example.DemoApplicationTests         : Started DemoApplicationTests in 12.748 seconds (JVM running for 13.923)
]]></system-out>
  <system-err><![CDATA[]]></system-err>
</testsuite>
