<?xml version="1.0" encoding="UTF-8"?>
<testsuite name="com.example.services.MathServiceTest" tests="3" skipped="0" failures="0" errors="0" timestamp="2017-04-23T01:56:46" hostname="Anups-MacBook-Pro.local" time="0.009">
  <properties/>
  <testcase name="testCalculation" classname="com.example.services.MathServiceTest" time="0.005"/>
  <testcase name="testSum" classname="com.example.services.MathServiceTest" time="0.002"/>
  <testcase name="testRectangleInfo" classname="com.example.services.MathServiceTest" time="0.001"/>
  <system-out><![CDATA[2017-04-22 19:56:46.436  INFO 10448 --- [    Test worker] o.s.t.c.s.DefaultTestContextBootstrapper : Neither @ContextConfiguration nor @ContextHierarchy found for test class [com.example.services.MathServiceTest], using DelegatingSmartContextLoader
2017-04-22 19:56:46.437  INFO 10448 --- [    Test worker] o.s.t.c.support.AbstractContextLoader    : Could not detect default resource locations for test class [com.example.services.MathServiceTest]: no resource found for suffixes {-context.xml}.
2017-04-22 19:56:46.437  INFO 10448 --- [    Test worker] t.c.s.AnnotationConfigContextLoaderUtils : Could not detect default configuration classes for test class [com.example.services.MathServiceTest]: MathServiceTest does not declare any static, non-private, non-final, nested classes annotated with @Configuration.
2017-04-22 19:56:46.441  INFO 10448 --- [    Test worker] o.s.t.c.s.DefaultTestContextBootstrapper : Loaded default TestExecutionListener class names from location [META-INF/spring.factories]: [org.springframework.boot.test.mock.mockito.MockitoTestExecutionListener, org.springframework.boot.test.mock.mockito.ResetMocksTestExecutionListener, org.springframework.boot.test.autoconfigure.restdocs.RestDocsTestExecutionListener, org.springframework.boot.test.autoconfigure.web.client.MockRestServiceServerResetTestExecutionListener, org.springframework.boot.test.autoconfigure.web.servlet.MockMvcPrintOnlyOnFailureTestExecutionListener, org.springframework.boot.test.autoconfigure.web.servlet.WebDriverTestExecutionListener, org.springframework.test.context.web.ServletTestExecutionListener, org.springframework.test.context.support.DirtiesContextBeforeModesTestExecutionListener, org.springframework.test.context.support.DependencyInjectionTestExecutionListener, org.springframework.test.context.support.DirtiesContextTestExecutionListener, org.springframework.test.context.transaction.TransactionalTestExecutionListener, org.springframework.test.context.jdbc.SqlScriptsTestExecutionListener]
2017-04-22 19:56:46.442  INFO 10448 --- [    Test worker] o.s.t.c.s.DefaultTestContextBootstrapper : Could not instantiate TestExecutionListener [org.springframework.test.context.jdbc.SqlScriptsTestExecutionListener]. Specify custom listener classes or make the default listener classes (and their required dependencies) available. Offending class: [org/springframework/transaction/interceptor/TransactionAttribute]
2017-04-22 19:56:46.443  INFO 10448 --- [    Test worker] o.s.t.c.s.DefaultTestContextBootstrapper : Could not instantiate TestExecutionListener [org.springframework.test.context.transaction.TransactionalTestExecutionListener]. Specify custom listener classes or make the default listener classes (and their required dependencies) available. Offending class: [org/springframework/transaction/interceptor/TransactionAttributeSource]
2017-04-22 19:56:46.443  INFO 10448 --- [    Test worker] o.s.t.c.s.DefaultTestContextBootstrapper : Using TestExecutionListeners: [org.springframework.test.context.web.ServletTestExecutionListener@22a0d891, org.springframework.test.context.support.DirtiesContextBeforeModesTestExecutionListener@bd080ca, org.springframework.test.context.support.DependencyInjectionTestExecutionListener@5a7334d2, org.springframework.test.context.support.DirtiesContextTestExecutionListener@1f637674, org.springframework.boot.test.autoconfigure.web.servlet.MockMvcPrintOnlyOnFailureTestExecutionListener@3b235159, org.springframework.boot.test.autoconfigure.web.client.MockRestServiceServerResetTestExecutionListener@347a4027, org.springframework.boot.test.mock.mockito.MockitoTestExecutionListener@77ec37de, org.springframework.boot.test.mock.mockito.ResetMocksTestExecutionListener@73b83f81, org.springframework.boot.test.autoconfigure.restdocs.RestDocsTestExecutionListener@52b01136, org.springframework.boot.test.autoconfigure.web.servlet.WebDriverTestExecutionListener@342d183f]
2017-04-22 19:56:46.445  INFO 10448 --- [    Test worker] o.s.c.support.GenericApplicationContext  : Refreshing org.springframework.context.support.GenericApplicationContext@22699ba3: startup date [Sat Apr 22 19:56:46 MDT 2017]; root of context hierarchy
]]></system-out>
  <system-err><![CDATA[]]></system-err>
</testsuite>
